<?xml version="1.0" encoding="UTF-8"?>
<testng-results ignored="0" total="4" passed="2" failed="2" skipped="0">
  <reporter-output>
  </reporter-output>
  <suite started-at="2026-05-06T12:50:56 IST" name="Default suite" finished-at="2026-05-06T12:52:54 IST" duration-ms="118079">
    <groups>
    </groups>
    <test started-at="2026-05-06T12:50:56 IST" name="Default test" finished-at="2026-05-06T12:52:54 IST" duration-ms="118079">
      <class name="com.smartclass.tests.UnifiedAuthTest">
        <test-method is-config="true" signature="setUp()[pri:0, instance:com.smartclass.tests.UnifiedAuthTest@175c2241]" started-at="2026-05-06T12:50:56 IST" name="setUp" finished-at="2026-05-06T12:50:59 IST" duration-ms="2407" status="PASS">
          <reporter-output>
          </reporter-output>
        </test-method> <!-- setUp -->
        <test-method signature="testProjectFeatures(java.lang.String,java.lang.String,java.lang.String,java.lang.String,java.lang.String)[pri:0, instance:com.smartclass.tests.UnifiedAuthTest@175c2241]" started-at="2026-05-06T12:50:59 IST" name="testProjectFeatures" data-provider="featureTestData" finished-at="2026-05-06T12:51:46 IST" duration-ms="46670" status="PASS">
          <params>
            <param index="0">
              <value>
                <![CDATA[Full Success Scenario (Teacher)]]>
              </value>
            </param>
            <param index="1">
              <value>
                <![CDATA[jsingh7_be23@thapar.edu]]>
              </value>
            </param>
            <param index="2">
              <value>
                <![CDATA[Jaskirat@123]]>
              </value>
            </param>
            <param index="3">
              <value>
                <![CDATA[teacher]]>
              </value>
            </param>
            <param index="4">
              <value>
                <![CDATA[none]]>
              </value>
            </param>
          </params>
          <reporter-output>
          </reporter-output>
        </test-method> <!-- testProjectFeatures -->
        <test-method is-config="true" signature="tearDown()[pri:0, instance:com.smartclass.tests.UnifiedAuthTest@175c2241]" started-at="2026-05-06T12:51:46 IST" name="tearDown" finished-at="2026-05-06T12:51:46 IST" duration-ms="373" status="PASS">
          <reporter-output>
          </reporter-output>
        </test-method> <!-- tearDown -->
        <test-method is-config="true" signature="setUp()[pri:0, instance:com.smartclass.tests.UnifiedAuthTest@175c2241]" started-at="2026-05-06T12:51:46 IST" name="setUp" finished-at="2026-05-06T12:51:47 IST" duration-ms="833" status="PASS">
          <reporter-output>
          </reporter-output>
        </test-method> <!-- setUp -->
        <test-method signature="testProjectFeatures(java.lang.String,java.lang.String,java.lang.String,java.lang.String,java.lang.String)[pri:0, instance:com.smartclass.tests.UnifiedAuthTest@175c2241]" started-at="2026-05-06T12:51:47 IST" name="testProjectFeatures" data-provider="featureTestData" finished-at="2026-05-06T12:52:21 IST" duration-ms="34466" status="PASS">
          <params>
            <param index="0">
              <value>
                <![CDATA[Student QR Success Scenario]]>
              </value>
            </param>
            <param index="1">
              <value>
                <![CDATA[sbishnoi_be23@thapar.edu]]>
              </value>
            </param>
            <param index="2">
              <value>
                <![CDATA[Shubham@123]]>
              </value>
            </param>
            <param index="3">
              <value>
                <![CDATA[student]]>
              </value>
            </param>
            <param index="4">
              <value>
                <![CDATA[none]]>
              </value>
            </param>
          </params>
          <reporter-output>
          </reporter-output>
        </test-method> <!-- testProjectFeatures -->
        <test-method is-config="true" signature="tearDown()[pri:0, instance:com.smartclass.tests.UnifiedAuthTest@175c2241]" started-at="2026-05-06T12:52:21 IST" name="tearDown" finished-at="2026-05-06T12:52:21 IST" duration-ms="268" status="PASS">
          <reporter-output>
          </reporter-output>
        </test-method> <!-- tearDown -->
        <test-method is-config="true" signature="setUp()[pri:0, instance:com.smartclass.tests.UnifiedAuthTest@175c2241]" started-at="2026-05-06T12:52:21 IST" name="setUp" finished-at="2026-05-06T12:52:22 IST" duration-ms="848" status="PASS">
          <reporter-output>
          </reporter-output>
        </test-method> <!-- setUp -->
        <test-method signature="testProjectFeatures(java.lang.String,java.lang.String,java.lang.String,java.lang.String,java.lang.String)[pri:0, instance:com.smartclass.tests.UnifiedAuthTest@175c2241]" started-at="2026-05-06T12:52:22 IST" name="testProjectFeatures" data-provider="featureTestData" finished-at="2026-05-06T12:52:34 IST" duration-ms="11564" status="FAIL">
          <params>
            <param index="0">
              <value>
                <![CDATA[Login Failure Scenario]]>
              </value>
            </param>
            <param index="1">
              <value>
                <![CDATA[jsingh7_be23@thapar.edu]]>
              </value>
            </param>
            <param index="2">
              <value>
                <![CDATA[WrongPass@123]]>
              </value>
            </param>
            <param index="3">
              <value>
                <![CDATA[teacher]]>
              </value>
            </param>
            <param index="4">
              <value>
                <![CDATA[login]]>
              </value>
            </param>
          </params>
          <exception class="java.lang.AssertionError">
            <message>
              <![CDATA[Unexpected error in Login Failure Scenario: invalid session id: session deleted as the browser has closed the connection
from disconnected: not connected to DevTools
  (Session info: chrome=147.0.7727.138)
Build info: version: '4.16.1', revision: '9b4c83354e'
System info: os.name: 'Windows 11', os.arch: 'amd64', os.version: '10.0', java.version: '21.0.9'
Driver info: org.openqa.selenium.chrome.ChromeDriver
Command: [26647e633e4fff39a3d6a82e5c84dad1, findElement {using=class name, value=auth-btn}]
Capabilities {acceptInsecureCerts: false, browserName: chrome, browserVersion: 147.0.7727.138, chrome: {chromedriverVersion: 147.0.7727.117 (474cc805edd..., userDataDir: C:\Users\kesha\AppData\Loca...}, fedcm:accounts: true, goog:chromeOptions: {debuggerAddress: localhost:59527}, goog:processID: 18760, networkConnectionEnabled: false, pageLoadStrategy: normal, platformName: windows, proxy: Proxy(), se:cdp: ws://localhost:59527/devtoo..., se:cdpVersion: 147.0.7727.138, setWindowRect: true, strictFileInteractability: false, timeouts: {implicit: 0, pageLoad: 300000, script: 30000}, unhandledPromptBehavior: dismiss and notify, webauthn:extension:credBlob: true, webauthn:extension:largeBlob: true, webauthn:extension:minPinLength: true, webauthn:extension:prf: true, webauthn:virtualAuthenticators: true}
Session ID: 26647e633e4fff39a3d6a82e5c84dad1]]>
            </message>
            <full-stacktrace>
              <![CDATA[java.lang.AssertionError: Unexpected error in Login Failure Scenario: invalid session id: session deleted as the browser has closed the connection
from disconnected: not connected to DevTools
  (Session info: chrome=147.0.7727.138)
Build info: version: '4.16.1', revision: '9b4c83354e'
System info: os.name: 'Windows 11', os.arch: 'amd64', os.version: '10.0', java.version: '21.0.9'
Driver info: org.openqa.selenium.chrome.ChromeDriver
Command: [26647e633e4fff39a3d6a82e5c84dad1, findElement {using=class name, value=auth-btn}]
Capabilities {acceptInsecureCerts: false, browserName: chrome, browserVersion: 147.0.7727.138, chrome: {chromedriverVersion: 147.0.7727.117 (474cc805edd..., userDataDir: C:\Users\kesha\AppData\Loca...}, fedcm:accounts: true, goog:chromeOptions: {debuggerAddress: localhost:59527}, goog:processID: 18760, networkConnectionEnabled: false, pageLoadStrategy: normal, platformName: windows, proxy: Proxy(), se:cdp: ws://localhost:59527/devtoo..., se:cdpVersion: 147.0.7727.138, setWindowRect: true, strictFileInteractability: false, timeouts: {implicit: 0, pageLoad: 300000, script: 30000}, unhandledPromptBehavior: dismiss and notify, webauthn:extension:credBlob: true, webauthn:extension:largeBlob: true, webauthn:extension:minPinLength: true, webauthn:extension:prf: true, webauthn:virtualAuthenticators: true}
Session ID: 26647e633e4fff39a3d6a82e5c84dad1
at org.testng.Assert.fail(Assert.java:111)
at com.smartclass.tests.UnifiedAuthTest.testProjectFeatures(UnifiedAuthTest.java:185)
at java.base/jdk.internal.reflect.DirectMethodHandleAccessor.invoke(DirectMethodHandleAccessor.java:103)
at java.base/java.lang.reflect.Method.invoke(Method.java:580)
at org.testng.internal.invokers.MethodInvocationHelper.invokeMethod(MethodInvocationHelper.java:139)
at org.testng.internal.invokers.TestInvoker.invokeMethod(TestInvoker.java:664)
at org.testng.internal.invokers.TestInvoker.invokeTestMethod(TestInvoker.java:227)
at org.testng.internal.invokers.MethodRunner.runInSequence(MethodRunner.java:50)
at org.testng.internal.invokers.TestInvoker$MethodInvocationAgent.invoke(TestInvoker.java:957)
at org.testng.internal.invokers.TestInvoker.invokeTestMethods(TestInvoker.java:200)
at org.testng.internal.invokers.TestMethodWorker.invokeTestMethods(TestMethodWorker.java:148)
at org.testng.internal.invokers.TestMethodWorker.run(TestMethodWorker.java:128)
at java.base/java.util.ArrayList.forEach(ArrayList.java:1596)
at org.testng.TestRunner.privateRun(TestRunner.java:848)
at org.testng.TestRunner.run(TestRunner.java:621)
at org.testng.SuiteRunner.runTest(SuiteRunner.java:443)
at org.testng.SuiteRunner.runSequentially(SuiteRunner.java:437)
at org.testng.SuiteRunner.privateRun(SuiteRunner.java:397)
at org.testng.SuiteRunner.run(SuiteRunner.java:336)
at org.testng.SuiteRunnerWorker.runSuite(SuiteRunnerWorker.java:52)
at org.testng.SuiteRunnerWorker.run(SuiteRunnerWorker.java:95)
at org.testng.TestNG.runSuitesSequentially(TestNG.java:1280)
at org.testng.TestNG.runSuitesLocally(TestNG.java:1200)
at org.testng.TestNG.runSuites(TestNG.java:1114)
at org.testng.TestNG.run(TestNG.java:1082)
at org.testng.remote.AbstractRemoteTestNG.run(AbstractRemoteTestNG.java:115)
at org.testng.remote.RemoteTestNG.initAndRun(RemoteTestNG.java:293)
at org.testng.remote.RemoteTestNG.main(RemoteTestNG.java:91)
]]>
            </full-stacktrace>
          </exception> <!-- java.lang.AssertionError -->
          <reporter-output>
          </reporter-output>
        </test-method> <!-- testProjectFeatures -->
        <test-method is-config="true" signature="tearDown()[pri:0, instance:com.smartclass.tests.UnifiedAuthTest@175c2241]" started-at="2026-05-06T12:52:34 IST" name="tearDown" finished-at="2026-05-06T12:52:34 IST" duration-ms="115" status="PASS">
          <reporter-output>
          </reporter-output>
        </test-method> <!-- tearDown -->
        <test-method is-config="true" signature="setUp()[pri:0, instance:com.smartclass.tests.UnifiedAuthTest@175c2241]" started-at="2026-05-06T12:52:34 IST" name="setUp" finished-at="2026-05-06T12:52:35 IST" duration-ms="885" status="PASS">
          <reporter-output>
          </reporter-output>
        </test-method> <!-- setUp -->
        <test-method signature="testProjectFeatures(java.lang.String,java.lang.String,java.lang.String,java.lang.String,java.lang.String)[pri:0, instance:com.smartclass.tests.UnifiedAuthTest@175c2241]" started-at="2026-05-06T12:52:35 IST" name="testProjectFeatures" data-provider="featureTestData" finished-at="2026-05-06T12:52:54 IST" duration-ms="19302" status="FAIL">
          <params>
            <param index="0">
              <value>
                <![CDATA[AI Feature Failure Scenario]]>
              </value>
            </param>
            <param index="1">
              <value>
                <![CDATA[jsingh7_be23@thapar.edu]]>
              </value>
            </param>
            <param index="2">
              <value>
                <![CDATA[Jaskirat@123]]>
              </value>
            </param>
            <param index="3">
              <value>
                <![CDATA[teacher]]>
              </value>
            </param>
            <param index="4">
              <value>
                <![CDATA[ai]]>
              </value>
            </param>
          </params>
          <exception class="java.lang.AssertionError">
            <message>
              <![CDATA[Unexpected error in AI Feature Failure Scenario: Expected condition failed: waiting for visibility of element located by By.tagName: h1 (tried for 15 second(s) with 500 milliseconds interval)]]>
            </message>
            <full-stacktrace>
              <![CDATA[java.lang.AssertionError: Unexpected error in AI Feature Failure Scenario: Expected condition failed: waiting for visibility of element located by By.tagName: h1 (tried for 15 second(s) with 500 milliseconds interval)
at org.testng.Assert.fail(Assert.java:111)
at com.smartclass.tests.UnifiedAuthTest.testProjectFeatures(UnifiedAuthTest.java:185)
at java.base/jdk.internal.reflect.DirectMethodHandleAccessor.invoke(DirectMethodHandleAccessor.java:103)
at java.base/java.lang.reflect.Method.invoke(Method.java:580)
at org.testng.internal.invokers.MethodInvocationHelper.invokeMethod(MethodInvocationHelper.java:139)
at org.testng.internal.invokers.TestInvoker.invokeMethod(TestInvoker.java:664)
at org.testng.internal.invokers.TestInvoker.invokeTestMethod(TestInvoker.java:227)
at org.testng.internal.invokers.MethodRunner.runInSequence(MethodRunner.java:50)
at org.testng.internal.invokers.TestInvoker$MethodInvocationAgent.invoke(TestInvoker.java:957)
at org.testng.internal.invokers.TestInvoker.invokeTestMethods(TestInvoker.java:200)
at org.testng.internal.invokers.TestMethodWorker.invokeTestMethods(TestMethodWorker.java:148)
at org.testng.internal.invokers.TestMethodWorker.run(TestMethodWorker.java:128)
at java.base/java.util.ArrayList.forEach(ArrayList.java:1596)
at org.testng.TestRunner.privateRun(TestRunner.java:848)
at org.testng.TestRunner.run(TestRunner.java:621)
at org.testng.SuiteRunner.runTest(SuiteRunner.java:443)
at org.testng.SuiteRunner.runSequentially(SuiteRunner.java:437)
at org.testng.SuiteRunner.privateRun(SuiteRunner.java:397)
at org.testng.SuiteRunner.run(SuiteRunner.java:336)
at org.testng.SuiteRunnerWorker.runSuite(SuiteRunnerWorker.java:52)
at org.testng.SuiteRunnerWorker.run(SuiteRunnerWorker.java:95)
at org.testng.TestNG.runSuitesSequentially(TestNG.java:1280)
at org.testng.TestNG.runSuitesLocally(TestNG.java:1200)
at org.testng.TestNG.runSuites(TestNG.java:1114)
at org.testng.TestNG.run(TestNG.java:1082)
at org.testng.remote.AbstractRemoteTestNG.run(AbstractRemoteTestNG.java:115)
at org.testng.remote.RemoteTestNG.initAndRun(RemoteTestNG.java:293)
at org.testng.remote.RemoteTestNG.main(RemoteTestNG.java:91)
]]>
            </full-stacktrace>
          </exception> <!-- java.lang.AssertionError -->
          <reporter-output>
          </reporter-output>
        </test-method> <!-- testProjectFeatures -->
        <test-method is-config="true" signature="tearDown()[pri:0, instance:com.smartclass.tests.UnifiedAuthTest@175c2241]" started-at="2026-05-06T12:52:54 IST" name="tearDown" finished-at="2026-05-06T12:52:54 IST" duration-ms="258" status="PASS">
          <reporter-output>
          </reporter-output>
        </test-method> <!-- tearDown -->
      </class> <!-- com.smartclass.tests.UnifiedAuthTest -->
    </test> <!-- Default test -->
  </suite> <!-- Default suite -->
</testng-results>
