<?xml version="1.0" encoding="UTF-8"?>
<testng-results ignored="0" total="4" passed="2" failed="2" skipped="0">
  <reporter-output>
  </reporter-output>
  <suite started-at="2026-05-01T12:10:01 IST" name="Surefire suite" finished-at="2026-05-01T12:11:59 IST" duration-ms="118510">
    <groups>
    </groups>
    <test started-at="2026-05-01T12:10:01 IST" name="Surefire test" finished-at="2026-05-01T12:11:59 IST" duration-ms="118510">
      <class name="com.smartclass.tests.UnifiedAuthTest">
        <test-method is-config="true" signature="setUp()[pri:0, instance:com.smartclass.tests.UnifiedAuthTest@7d68ef40]" started-at="2026-05-01T12:10:01 IST" name="setUp" finished-at="2026-05-01T12:10:02 IST" duration-ms="1248" status="PASS">
          <reporter-output>
          </reporter-output>
        </test-method> <!-- setUp -->
        <test-method signature="testProjectFeatures(java.lang.String,java.lang.String,java.lang.String,java.lang.String,java.lang.String)[pri:0, instance:com.smartclass.tests.UnifiedAuthTest@7d68ef40]" started-at="2026-05-01T12:10:02 IST" name="testProjectFeatures" data-provider="featureTestData" finished-at="2026-05-01T12:10:47 IST" duration-ms="44369" status="PASS">
          <params>
            <param index="0">
              <value>
                <![CDATA[Full Success Scenario (Teacher)]]>
              </value>
            </param>
            <param index="1">
              <value>
                <![CDATA[keshavgarg11911@gmail.com]]>
              </value>
            </param>
            <param index="2">
              <value>
                <![CDATA[Keshav@119]]>
              </value>
            </param>
            <param index="3">
              <value>
                <![CDATA[teacher]]>
              </value>
            </param>
            <param index="4">
              <value>
                <![CDATA[none]]>
              </value>
            </param>
          </params>
          <reporter-output>
          </reporter-output>
        </test-method> <!-- testProjectFeatures -->
        <test-method is-config="true" signature="tearDown()[pri:0, instance:com.smartclass.tests.UnifiedAuthTest@7d68ef40]" started-at="2026-05-01T12:10:47 IST" name="tearDown" finished-at="2026-05-01T12:10:47 IST" duration-ms="499" status="PASS">
          <reporter-output>
          </reporter-output>
        </test-method> <!-- tearDown -->
        <test-method is-config="true" signature="setUp()[pri:0, instance:com.smartclass.tests.UnifiedAuthTest@7d68ef40]" started-at="2026-05-01T12:10:47 IST" name="setUp" finished-at="2026-05-01T12:10:48 IST" duration-ms="683" status="PASS">
          <reporter-output>
          </reporter-output>
        </test-method> <!-- setUp -->
        <test-method signature="testProjectFeatures(java.lang.String,java.lang.String,java.lang.String,java.lang.String,java.lang.String)[pri:0, instance:com.smartclass.tests.UnifiedAuthTest@7d68ef40]" started-at="2026-05-01T12:10:48 IST" name="testProjectFeatures" data-provider="featureTestData" finished-at="2026-05-01T12:11:20 IST" duration-ms="32410" status="PASS">
          <params>
            <param index="0">
              <value>
                <![CDATA[Student QR Success Scenario]]>
              </value>
            </param>
            <param index="1">
              <value>
                <![CDATA[kgarg2_be23@thapar.edu]]>
              </value>
            </param>
            <param index="2">
              <value>
                <![CDATA[Keshavgarg@119]]>
              </value>
            </param>
            <param index="3">
              <value>
                <![CDATA[student]]>
              </value>
            </param>
            <param index="4">
              <value>
                <![CDATA[none]]>
              </value>
            </param>
          </params>
          <reporter-output>
          </reporter-output>
        </test-method> <!-- testProjectFeatures -->
        <test-method is-config="true" signature="tearDown()[pri:0, instance:com.smartclass.tests.UnifiedAuthTest@7d68ef40]" started-at="2026-05-01T12:11:20 IST" name="tearDown" finished-at="2026-05-01T12:11:20 IST" duration-ms="257" status="PASS">
          <reporter-output>
          </reporter-output>
        </test-method> <!-- tearDown -->
        <test-method is-config="true" signature="setUp()[pri:0, instance:com.smartclass.tests.UnifiedAuthTest@7d68ef40]" started-at="2026-05-01T12:11:20 IST" name="setUp" finished-at="2026-05-01T12:11:21 IST" duration-ms="686" status="PASS">
          <reporter-output>
          </reporter-output>
        </test-method> <!-- setUp -->
        <test-method signature="testProjectFeatures(java.lang.String,java.lang.String,java.lang.String,java.lang.String,java.lang.String)[pri:0, instance:com.smartclass.tests.UnifiedAuthTest@7d68ef40]" started-at="2026-05-01T12:11:21 IST" name="testProjectFeatures" data-provider="featureTestData" finished-at="2026-05-01T12:11:35 IST" duration-ms="13725" status="FAIL">
          <params>
            <param index="0">
              <value>
                <![CDATA[Login Failure Scenario]]>
              </value>
            </param>
            <param index="1">
              <value>
                <![CDATA[keshavgarg11911@gmail.com]]>
              </value>
            </param>
            <param index="2">
              <value>
                <![CDATA[WrongPass@123]]>
              </value>
            </param>
            <param index="3">
              <value>
                <![CDATA[teacher]]>
              </value>
            </param>
            <param index="4">
              <value>
                <![CDATA[login]]>
              </value>
            </param>
          </params>
          <exception class="java.lang.AssertionError">
            <message>
              <![CDATA[Intentional Failure: Login Phase]]>
            </message>
            <full-stacktrace>
              <![CDATA[java.lang.AssertionError: Intentional Failure: Login Phase
at org.testng.Assert.fail(Assert.java:111)
at com.smartclass.tests.UnifiedAuthTest.testProjectFeatures(UnifiedAuthTest.java:78)
at java.base/jdk.internal.reflect.DirectMethodHandleAccessor.invoke(DirectMethodHandleAccessor.java:104)
at java.base/java.lang.reflect.Method.invoke(Method.java:565)
at org.testng.internal.invokers.MethodInvocationHelper.invokeMethod(MethodInvocationHelper.java:139)
at org.testng.internal.invokers.TestInvoker.invokeMethod(TestInvoker.java:664)
at org.testng.internal.invokers.TestInvoker.invokeTestMethod(TestInvoker.java:227)
at org.testng.internal.invokers.MethodRunner.runInSequence(MethodRunner.java:50)
at org.testng.internal.invokers.TestInvoker$MethodInvocationAgent.invoke(TestInvoker.java:957)
at org.testng.internal.invokers.TestInvoker.invokeTestMethods(TestInvoker.java:200)
at org.testng.internal.invokers.TestMethodWorker.invokeTestMethods(TestMethodWorker.java:148)
at org.testng.internal.invokers.TestMethodWorker.run(TestMethodWorker.java:128)
at java.base/java.util.ArrayList.forEach(ArrayList.java:1604)
at org.testng.TestRunner.privateRun(TestRunner.java:848)
at org.testng.TestRunner.run(TestRunner.java:621)
at org.testng.SuiteRunner.runTest(SuiteRunner.java:443)
at org.testng.SuiteRunner.runSequentially(SuiteRunner.java:437)
at org.testng.SuiteRunner.privateRun(SuiteRunner.java:397)
at org.testng.SuiteRunner.run(SuiteRunner.java:336)
at org.testng.SuiteRunnerWorker.runSuite(SuiteRunnerWorker.java:52)
at org.testng.SuiteRunnerWorker.run(SuiteRunnerWorker.java:95)
at org.testng.TestNG.runSuitesSequentially(TestNG.java:1280)
at org.testng.TestNG.runSuitesLocally(TestNG.java:1200)
at org.testng.TestNG.runSuites(TestNG.java:1114)
at org.testng.TestNG.run(TestNG.java:1082)
at org.apache.maven.surefire.testng.TestNGExecutor.run(TestNGExecutor.java:155)
at org.apache.maven.surefire.testng.TestNGDirectoryTestSuite.executeSingleClass(TestNGDirectoryTestSuite.java:102)
at org.apache.maven.surefire.testng.TestNGDirectoryTestSuite.execute(TestNGDirectoryTestSuite.java:91)
at org.apache.maven.surefire.testng.TestNGProvider.invoke(TestNGProvider.java:137)
at org.apache.maven.surefire.booter.ForkedBooter.runSuitesInProcess(ForkedBooter.java:385)
at org.apache.maven.surefire.booter.ForkedBooter.execute(ForkedBooter.java:162)
at org.apache.maven.surefire.booter.ForkedBooter.run(ForkedBooter.java:507)
at org.apache.maven.surefire.booter.ForkedBooter.main(ForkedBooter.java:495)
]]>
            </full-stacktrace>
          </exception> <!-- java.lang.AssertionError -->
          <reporter-output>
          </reporter-output>
        </test-method> <!-- testProjectFeatures -->
        <test-method is-config="true" signature="tearDown()[pri:0, instance:com.smartclass.tests.UnifiedAuthTest@7d68ef40]" started-at="2026-05-01T12:11:35 IST" name="tearDown" finished-at="2026-05-01T12:11:35 IST" duration-ms="208" status="PASS">
          <reporter-output>
          </reporter-output>
        </test-method> <!-- tearDown -->
        <test-method is-config="true" signature="setUp()[pri:0, instance:com.smartclass.tests.UnifiedAuthTest@7d68ef40]" started-at="2026-05-01T12:11:35 IST" name="setUp" finished-at="2026-05-01T12:11:36 IST" duration-ms="670" status="PASS">
          <reporter-output>
          </reporter-output>
        </test-method> <!-- setUp -->
        <test-method signature="testProjectFeatures(java.lang.String,java.lang.String,java.lang.String,java.lang.String,java.lang.String)[pri:0, instance:com.smartclass.tests.UnifiedAuthTest@7d68ef40]" started-at="2026-05-01T12:11:36 IST" name="testProjectFeatures" data-provider="featureTestData" finished-at="2026-05-01T12:11:59 IST" duration-ms="23094" status="FAIL">
          <params>
            <param index="0">
              <value>
                <![CDATA[AI Feature Failure Scenario]]>
              </value>
            </param>
            <param index="1">
              <value>
                <![CDATA[keshavgarg11911@gmail.com]]>
              </value>
            </param>
            <param index="2">
              <value>
                <![CDATA[Keshav@119]]>
              </value>
            </param>
            <param index="3">
              <value>
                <![CDATA[teacher]]>
              </value>
            </param>
            <param index="4">
              <value>
                <![CDATA[ai]]>
              </value>
            </param>
          </params>
          <exception class="java.lang.AssertionError">
            <message>
              <![CDATA[Intentional Failure: AI Feature Phase]]>
            </message>
            <full-stacktrace>
              <![CDATA[java.lang.AssertionError: Intentional Failure: AI Feature Phase
at org.testng.Assert.fail(Assert.java:111)
at com.smartclass.tests.UnifiedAuthTest.testProjectFeatures(UnifiedAuthTest.java:103)
at java.base/jdk.internal.reflect.DirectMethodHandleAccessor.invoke(DirectMethodHandleAccessor.java:104)
at java.base/java.lang.reflect.Method.invoke(Method.java:565)
at org.testng.internal.invokers.MethodInvocationHelper.invokeMethod(MethodInvocationHelper.java:139)
at org.testng.internal.invokers.TestInvoker.invokeMethod(TestInvoker.java:664)
at org.testng.internal.invokers.TestInvoker.invokeTestMethod(TestInvoker.java:227)
at org.testng.internal.invokers.MethodRunner.runInSequence(MethodRunner.java:50)
at org.testng.internal.invokers.TestInvoker$MethodInvocationAgent.invoke(TestInvoker.java:957)
at org.testng.internal.invokers.TestInvoker.invokeTestMethods(TestInvoker.java:200)
at org.testng.internal.invokers.TestMethodWorker.invokeTestMethods(TestMethodWorker.java:148)
at org.testng.internal.invokers.TestMethodWorker.run(TestMethodWorker.java:128)
at java.base/java.util.ArrayList.forEach(ArrayList.java:1604)
at org.testng.TestRunner.privateRun(TestRunner.java:848)
at org.testng.TestRunner.run(TestRunner.java:621)
at org.testng.SuiteRunner.runTest(SuiteRunner.java:443)
at org.testng.SuiteRunner.runSequentially(SuiteRunner.java:437)
at org.testng.SuiteRunner.privateRun(SuiteRunner.java:397)
at org.testng.SuiteRunner.run(SuiteRunner.java:336)
at org.testng.SuiteRunnerWorker.runSuite(SuiteRunnerWorker.java:52)
at org.testng.SuiteRunnerWorker.run(SuiteRunnerWorker.java:95)
at org.testng.TestNG.runSuitesSequentially(TestNG.java:1280)
at org.testng.TestNG.runSuitesLocally(TestNG.java:1200)
at org.testng.TestNG.runSuites(TestNG.java:1114)
at org.testng.TestNG.run(TestNG.java:1082)
at org.apache.maven.surefire.testng.TestNGExecutor.run(TestNGExecutor.java:155)
at org.apache.maven.surefire.testng.TestNGDirectoryTestSuite.executeSingleClass(TestNGDirectoryTestSuite.java:102)
at org.apache.maven.surefire.testng.TestNGDirectoryTestSuite.execute(TestNGDirectoryTestSuite.java:91)
at org.apache.maven.surefire.testng.TestNGProvider.invoke(TestNGProvider.java:137)
at org.apache.maven.surefire.booter.ForkedBooter.runSuitesInProcess(ForkedBooter.java:385)
at org.apache.maven.surefire.booter.ForkedBooter.execute(ForkedBooter.java:162)
at org.apache.maven.surefire.booter.ForkedBooter.run(ForkedBooter.java:507)
at org.apache.maven.surefire.booter.ForkedBooter.main(ForkedBooter.java:495)
]]>
            </full-stacktrace>
          </exception> <!-- java.lang.AssertionError -->
          <reporter-output>
          </reporter-output>
        </test-method> <!-- testProjectFeatures -->
        <test-method is-config="true" signature="tearDown()[pri:0, instance:com.smartclass.tests.UnifiedAuthTest@7d68ef40]" started-at="2026-05-01T12:11:59 IST" name="tearDown" finished-at="2026-05-01T12:11:59 IST" duration-ms="626" status="PASS">
          <reporter-output>
          </reporter-output>
        </test-method> <!-- tearDown -->
      </class> <!-- com.smartclass.tests.UnifiedAuthTest -->
    </test> <!-- Surefire test -->
  </suite> <!-- Surefire suite -->
</testng-results>
